{"/home/formati/lixo/nossas-contas/src/conta/conta.exception.ts": {"path":"/home/formati/lixo/nossas-contas/src/conta/conta.exception.ts","statementMap":{"0":{"start":{"line":2,"column":18},"end":{"line":2,"column":76}},"1":{"start":{"line":3,"column":18},"end":{"line":3,"column":53}},"2":{"start":{"line":4,"column":18},"end":{"line":4,"column":60}},"3":{"start":{"line":5,"column":18},"end":{"line":5,"column":94}},"4":{"start":{"line":6,"column":18},"end":{"line":6,"column":110}},"5":{"start":{"line":1,"column":0},"end":{"line":7,"column":1}}},"fnMap":{},"branchMap":{},"s":{"0":1,"1":1,"2":1,"3":1,"4":1,"5":1},"f":{},"b":{}}
,"/home/formati/lixo/nossas-contas/src/conta/conta.negocio.ts": {"path":"/home/formati/lixo/nossas-contas/src/conta/conta.negocio.ts","statementMap":{"0":{"start":{"line":3,"column":0},"end":{"line":3,"column":43}},"1":{"start":{"line":5,"column":0},"end":{"line":5,"column":50}},"2":{"start":{"line":6,"column":0},"end":{"line":6,"column":45}},"3":{"start":{"line":7,"column":0},"end":{"line":7,"column":59}},"4":{"start":{"line":8,"column":0},"end":{"line":8,"column":47}},"5":{"start":{"line":9,"column":0},"end":{"line":9,"column":53}},"6":{"start":{"line":12,"column":0},"end":{"line":107,"column":1}},"7":{"start":{"line":14,"column":33},"end":{"line":14,"column":63}},"8":{"start":{"line":17,"column":8},"end":{"line":17,"column":42}},"9":{"start":{"line":18,"column":8},"end":{"line":18,"column":32}},"10":{"start":{"line":19,"column":8},"end":{"line":19,"column":33}},"11":{"start":{"line":20,"column":8},"end":{"line":20,"column":37}},"12":{"start":{"line":21,"column":8},"end":{"line":21,"column":40}},"13":{"start":{"line":22,"column":8},"end":{"line":22,"column":33}},"14":{"start":{"line":24,"column":8},"end":{"line":24,"column":21}},"15":{"start":{"line":28,"column":8},"end":{"line":30,"column":9}},"16":{"start":{"line":29,"column":12},"end":{"line":29,"column":78}},"17":{"start":{"line":32,"column":27},"end":{"line":32,"column":77}},"18":{"start":{"line":33,"column":8},"end":{"line":35,"column":9}},"19":{"start":{"line":34,"column":12},"end":{"line":34,"column":78}},"20":{"start":{"line":39,"column":8},"end":{"line":41,"column":9}},"21":{"start":{"line":40,"column":12},"end":{"line":40,"column":67}},"22":{"start":{"line":43,"column":8},"end":{"line":45,"column":9}},"23":{"start":{"line":44,"column":12},"end":{"line":44,"column":67}},"24":{"start":{"line":47,"column":8},"end":{"line":57,"column":9}},"25":{"start":{"line":48,"column":30},"end":{"line":53,"column":13}},"26":{"start":{"line":55,"column":12},"end":{"line":55,"column":34}},"27":{"start":{"line":56,"column":12},"end":{"line":56,"column":58}},"28":{"start":{"line":61,"column":8},"end":{"line":63,"column":9}},"29":{"start":{"line":62,"column":12},"end":{"line":62,"column":68}},"30":{"start":{"line":67,"column":26},"end":{"line":67,"column":74}},"31":{"start":{"line":68,"column":36},"end":{"line":68,"column":75}},"32":{"start":{"line":69,"column":8},"end":{"line":71,"column":9}},"33":{"start":{"line":70,"column":12},"end":{"line":70,"column":76}},"34":{"start":{"line":73,"column":8},"end":{"line":75,"column":9}},"35":{"start":{"line":74,"column":12},"end":{"line":74,"column":40}},"36":{"start":{"line":79,"column":25},"end":{"line":79,"column":45}},"37":{"start":{"line":80,"column":8},"end":{"line":80,"column":28}},"38":{"start":{"line":81,"column":8},"end":{"line":92,"column":9}},"39":{"start":{"line":82,"column":33},"end":{"line":82,"column":67}},"40":{"start":{"line":83,"column":37},"end":{"line":88,"column":13}},"41":{"start":{"line":89,"column":12},"end":{"line":89,"column":46}},"42":{"start":{"line":90,"column":12},"end":{"line":90,"column":59}},"43":{"start":{"line":91,"column":12},"end":{"line":91,"column":41}},"44":{"start":{"line":96,"column":8},"end":{"line":96,"column":42}},"45":{"start":{"line":100,"column":35},"end":{"line":100,"column":73}},"46":{"start":{"line":101,"column":8},"end":{"line":103,"column":9}},"47":{"start":{"line":102,"column":12},"end":{"line":102,"column":72}},"48":{"start":{"line":104,"column":8},"end":{"line":104,"column":38}},"49":{"start":{"line":12,"column":13},"end":{"line":107,"column":1}},"50":{"start":{"line":12,"column":13},"end":{"line":12,"column":25}}},"fnMap":{"0":{"name":"(anonymous_2)","decl":{"start":{"line":14,"column":4},"end":{"line":14,"column":32}},"loc":{"start":{"line":14,"column":63},"end":{"line":14,"column":68}}},"1":{"name":"(anonymous_3)","decl":{"start":{"line":16,"column":4},"end":{"line":16,"column":8}},"loc":{"start":{"line":16,"column":22},"end":{"line":25,"column":5}}},"2":{"name":"(anonymous_4)","decl":{"start":{"line":27,"column":12},"end":{"line":27,"column":32}},"loc":{"start":{"line":27,"column":46},"end":{"line":36,"column":5}}},"3":{"name":"(anonymous_5)","decl":{"start":{"line":38,"column":12},"end":{"line":38,"column":22}},"loc":{"start":{"line":38,"column":36},"end":{"line":58,"column":5}}},"4":{"name":"(anonymous_6)","decl":{"start":{"line":60,"column":12},"end":{"line":60,"column":23}},"loc":{"start":{"line":60,"column":37},"end":{"line":64,"column":5}}},"5":{"name":"(anonymous_7)","decl":{"start":{"line":66,"column":12},"end":{"line":66,"column":27}},"loc":{"start":{"line":66,"column":41},"end":{"line":76,"column":5}}},"6":{"name":"(anonymous_8)","decl":{"start":{"line":78,"column":12},"end":{"line":78,"column":26}},"loc":{"start":{"line":78,"column":40},"end":{"line":93,"column":5}}},"7":{"name":"(anonymous_9)","decl":{"start":{"line":95,"column":12},"end":{"line":95,"column":30}},"loc":{"start":{"line":95,"column":44},"end":{"line":97,"column":5}}},"8":{"name":"(anonymous_10)","decl":{"start":{"line":99,"column":12},"end":{"line":99,"column":23}},"loc":{"start":{"line":99,"column":37},"end":{"line":105,"column":5}}}},"branchMap":{"0":{"loc":{"start":{"line":28,"column":8},"end":{"line":30,"column":9}},"type":"if","locations":[{"start":{"line":28,"column":8},"end":{"line":30,"column":9}},{"start":{"line":28,"column":8},"end":{"line":30,"column":9}}]},"1":{"loc":{"start":{"line":33,"column":8},"end":{"line":35,"column":9}},"type":"if","locations":[{"start":{"line":33,"column":8},"end":{"line":35,"column":9}},{"start":{"line":33,"column":8},"end":{"line":35,"column":9}}]},"2":{"loc":{"start":{"line":39,"column":8},"end":{"line":41,"column":9}},"type":"if","locations":[{"start":{"line":39,"column":8},"end":{"line":41,"column":9}},{"start":{"line":39,"column":8},"end":{"line":41,"column":9}}]},"3":{"loc":{"start":{"line":43,"column":8},"end":{"line":45,"column":9}},"type":"if","locations":[{"start":{"line":43,"column":8},"end":{"line":45,"column":9}},{"start":{"line":43,"column":8},"end":{"line":45,"column":9}}]},"4":{"loc":{"start":{"line":47,"column":8},"end":{"line":57,"column":9}},"type":"if","locations":[{"start":{"line":47,"column":8},"end":{"line":57,"column":9}},{"start":{"line":47,"column":8},"end":{"line":57,"column":9}}]},"5":{"loc":{"start":{"line":61,"column":8},"end":{"line":63,"column":9}},"type":"if","locations":[{"start":{"line":61,"column":8},"end":{"line":63,"column":9}},{"start":{"line":61,"column":8},"end":{"line":63,"column":9}}]},"6":{"loc":{"start":{"line":61,"column":12},"end":{"line":61,"column":24}},"type":"binary-expr","locations":[{"start":{"line":61,"column":12},"end":{"line":61,"column":24}},{"start":{"line":61,"column":28},"end":{"line":61,"column":44}}]},"7":{"loc":{"start":{"line":67,"column":26},"end":{"line":67,"column":46}},"type":"binary-expr","locations":[{"start":{"line":67,"column":26},"end":{"line":67,"column":46}},{"start":{"line":67,"column":50},"end":{"line":67,"column":74}}]},"8":{"loc":{"start":{"line":69,"column":8},"end":{"line":71,"column":9}},"type":"if","locations":[{"start":{"line":69,"column":8},"end":{"line":71,"column":9}},{"start":{"line":69,"column":8},"end":{"line":71,"column":9}}]},"9":{"loc":{"start":{"line":69,"column":12},"end":{"line":69,"column":21}},"type":"binary-expr","locations":[{"start":{"line":69,"column":12},"end":{"line":69,"column":21}},{"start":{"line":69,"column":25},"end":{"line":69,"column":45}}]},"10":{"loc":{"start":{"line":73,"column":8},"end":{"line":75,"column":9}},"type":"if","locations":[{"start":{"line":73,"column":8},"end":{"line":75,"column":9}},{"start":{"line":73,"column":8},"end":{"line":75,"column":9}}]},"11":{"loc":{"start":{"line":101,"column":8},"end":{"line":103,"column":9}},"type":"if","locations":[{"start":{"line":101,"column":8},"end":{"line":103,"column":9}},{"start":{"line":101,"column":8},"end":{"line":103,"column":9}}]}},"s":{"0":1,"1":1,"2":1,"3":1,"4":1,"5":1,"6":1,"7":16,"8":15,"9":13,"10":11,"11":9,"12":8,"13":8,"14":7,"15":15,"16":1,"17":14,"18":14,"19":1,"20":13,"21":1,"22":12,"23":1,"24":11,"25":1,"26":1,"27":1,"28":11,"29":2,"30":9,"31":9,"32":9,"33":1,"34":8,"35":4,"36":4,"37":4,"38":4,"39":10,"40":10,"41":10,"42":10,"43":10,"44":8,"45":8,"46":8,"47":1,"48":7,"49":1,"50":1},"f":{"0":16,"1":15,"2":15,"3":13,"4":11,"5":9,"6":4,"7":8,"8":8},"b":{"0":[1,14],"1":[1,13],"2":[1,12],"3":[1,11],"4":[1,10],"5":[2,9],"6":[11,10],"7":[9,5],"8":[1,8],"9":[9,5],"10":[4,4],"11":[1,7]}}
,"/home/formati/lixo/nossas-contas/src/conta/status-parcela.enum.ts": {"path":"/home/formati/lixo/nossas-contas/src/conta/status-parcela.enum.ts","statementMap":{"0":{"start":{"line":1,"column":0},"end":{"line":4,"column":1}},"1":{"start":{"line":2,"column":4},"end":{"line":2,"column":19}},"2":{"start":{"line":3,"column":4},"end":{"line":3,"column":14}}},"fnMap":{"0":{"name":"(anonymous_0)","decl":{"start":{"line":1,"column":0},"end":{"line":1,"column":11}},"loc":{"start":{"line":1,"column":25},"end":{"line":4,"column":1}}}},"branchMap":{"0":{"loc":{"start":{"line":1,"column":12},"end":{"line":1,"column":25}},"type":"binary-expr","locations":[{"start":{"line":1,"column":12},"end":{"line":1,"column":25}},{"start":{"line":1,"column":12},"end":{"line":1,"column":25}}]}},"s":{"0":1,"1":1,"2":1},"f":{"0":1},"b":{"0":[1,1]}}
,"/home/formati/lixo/nossas-contas/src/conta/tipo-conta.enum.ts": {"path":"/home/formati/lixo/nossas-contas/src/conta/tipo-conta.enum.ts","statementMap":{"0":{"start":{"line":1,"column":0},"end":{"line":5,"column":1}},"1":{"start":{"line":2,"column":2},"end":{"line":2,"column":23}},"2":{"start":{"line":3,"column":2},"end":{"line":3,"column":22}},"3":{"start":{"line":4,"column":2},"end":{"line":4,"column":17}}},"fnMap":{"0":{"name":"(anonymous_0)","decl":{"start":{"line":1,"column":0},"end":{"line":1,"column":11}},"loc":{"start":{"line":1,"column":21},"end":{"line":5,"column":1}}}},"branchMap":{"0":{"loc":{"start":{"line":1,"column":12},"end":{"line":1,"column":21}},"type":"binary-expr","locations":[{"start":{"line":1,"column":12},"end":{"line":1,"column":21}},{"start":{"line":1,"column":12},"end":{"line":1,"column":21}}]}},"s":{"0":1,"1":1,"2":1,"3":1},"f":{"0":1},"b":{"0":[1,1]}}
,"/home/formati/lixo/nossas-contas/src/saldo/saldo.negocio.ts": {"path":"/home/formati/lixo/nossas-contas/src/saldo/saldo.negocio.ts","statementMap":{"0":{"start":{"line":1,"column":0},"end":{"line":1,"column":43}},"1":{"start":{"line":3,"column":0},"end":{"line":3,"column":67}},"2":{"start":{"line":4,"column":0},"end":{"line":4,"column":64}},"3":{"start":{"line":7,"column":0},"end":{"line":32,"column":1}},"4":{"start":{"line":9,"column":33},"end":{"line":9,"column":67}},"5":{"start":{"line":12,"column":30},"end":{"line":12,"column":31}},"6":{"start":{"line":13,"column":32},"end":{"line":13,"column":72}},"7":{"start":{"line":14,"column":8},"end":{"line":14,"column":43}},"8":{"start":{"line":16,"column":8},"end":{"line":16,"column":31}},"9":{"start":{"line":20,"column":45},"end":{"line":20,"column":89}},"10":{"start":{"line":21,"column":30},"end":{"line":21,"column":31}},"11":{"start":{"line":22,"column":8},"end":{"line":28,"column":11}},"12":{"start":{"line":23,"column":12},"end":{"line":27,"column":13}},"13":{"start":{"line":24,"column":16},"end":{"line":24,"column":51}},"14":{"start":{"line":25,"column":19},"end":{"line":27,"column":13}},"15":{"start":{"line":26,"column":16},"end":{"line":26,"column":51}},"16":{"start":{"line":30,"column":8},"end":{"line":30,"column":31}},"17":{"start":{"line":7,"column":13},"end":{"line":32,"column":1}},"18":{"start":{"line":7,"column":13},"end":{"line":7,"column":25}}},"fnMap":{"0":{"name":"(anonymous_8)","decl":{"start":{"line":9,"column":4},"end":{"line":9,"column":32}},"loc":{"start":{"line":9,"column":67},"end":{"line":9,"column":71}}},"1":{"name":"(anonymous_9)","decl":{"start":{"line":11,"column":10},"end":{"line":11,"column":14}},"loc":{"start":{"line":11,"column":26},"end":{"line":17,"column":5}}},"2":{"name":"(anonymous_11)","decl":{"start":{"line":19,"column":18},"end":{"line":19,"column":40}},"loc":{"start":{"line":19,"column":52},"end":{"line":31,"column":5}}},"3":{"name":"(anonymous_13)","decl":{"start":{"line":22,"column":32},"end":{"line":22,"column":40}},"loc":{"start":{"line":22,"column":44},"end":{"line":28,"column":9}}}},"branchMap":{"0":{"loc":{"start":{"line":23,"column":12},"end":{"line":27,"column":13}},"type":"if","locations":[{"start":{"line":23,"column":12},"end":{"line":27,"column":13}},{"start":{"line":23,"column":12},"end":{"line":27,"column":13}}]},"1":{"loc":{"start":{"line":25,"column":19},"end":{"line":27,"column":13}},"type":"if","locations":[{"start":{"line":25,"column":19},"end":{"line":27,"column":13}},{"start":{"line":25,"column":19},"end":{"line":27,"column":13}}]}},"s":{"0":1,"1":1,"2":1,"3":1,"4":1,"5":1,"6":1,"7":1,"8":1,"9":1,"10":1,"11":1,"12":4,"13":2,"14":2,"15":2,"16":1,"17":1,"18":1},"f":{"0":1,"1":1,"2":1,"3":4},"b":{"0":[2,2],"1":[2,0]}}
,"/home/formati/lixo/nossas-contas/src/transacao/tipo-transacao.enum.ts": {"path":"/home/formati/lixo/nossas-contas/src/transacao/tipo-transacao.enum.ts","statementMap":{"0":{"start":{"line":1,"column":0},"end":{"line":4,"column":1}},"1":{"start":{"line":2,"column":4},"end":{"line":2,"column":17}},"2":{"start":{"line":3,"column":4},"end":{"line":3,"column":15}}},"fnMap":{"0":{"name":"(anonymous_0)","decl":{"start":{"line":1,"column":0},"end":{"line":1,"column":11}},"loc":{"start":{"line":1,"column":25},"end":{"line":4,"column":1}}}},"branchMap":{"0":{"loc":{"start":{"line":1,"column":12},"end":{"line":1,"column":25}},"type":"binary-expr","locations":[{"start":{"line":1,"column":12},"end":{"line":1,"column":25}},{"start":{"line":1,"column":12},"end":{"line":1,"column":25}}]}},"s":{"0":2,"1":2,"2":2},"f":{"0":2},"b":{"0":[2,2]}}
,"/home/formati/lixo/nossas-contas/src/transacao/transacao.exception.ts": {"path":"/home/formati/lixo/nossas-contas/src/transacao/transacao.exception.ts","statementMap":{"0":{"start":{"line":2,"column":20},"end":{"line":2,"column":63}},"1":{"start":{"line":3,"column":20},"end":{"line":3,"column":68}},"2":{"start":{"line":4,"column":20},"end":{"line":4,"column":66}},"3":{"start":{"line":1,"column":0},"end":{"line":5,"column":1}}},"fnMap":{},"branchMap":{},"s":{"0":1,"1":1,"2":1,"3":1},"f":{},"b":{}}
,"/home/formati/lixo/nossas-contas/src/transacao/transacao.negocio.ts": {"path":"/home/formati/lixo/nossas-contas/src/transacao/transacao.negocio.ts","statementMap":{"0":{"start":{"line":1,"column":0},"end":{"line":1,"column":53}},"1":{"start":{"line":2,"column":0},"end":{"line":2,"column":58}},"2":{"start":{"line":4,"column":0},"end":{"line":4,"column":47}},"3":{"start":{"line":5,"column":0},"end":{"line":5,"column":43}},"4":{"start":{"line":7,"column":0},"end":{"line":33,"column":1}},"5":{"start":{"line":10,"column":8},"end":{"line":10,"column":38}},"6":{"start":{"line":11,"column":8},"end":{"line":11,"column":37}},"7":{"start":{"line":12,"column":8},"end":{"line":12,"column":36}},"8":{"start":{"line":13,"column":8},"end":{"line":13,"column":25}},"9":{"start":{"line":17,"column":8},"end":{"line":19,"column":9}},"10":{"start":{"line":18,"column":12},"end":{"line":18,"column":75}},"11":{"start":{"line":23,"column":8},"end":{"line":25,"column":9}},"12":{"start":{"line":24,"column":12},"end":{"line":24,"column":76}},"13":{"start":{"line":29,"column":8},"end":{"line":31,"column":9}},"14":{"start":{"line":30,"column":12},"end":{"line":30,"column":76}},"15":{"start":{"line":7,"column":13},"end":{"line":33,"column":1}},"16":{"start":{"line":7,"column":13},"end":{"line":7,"column":29}}},"fnMap":{"0":{"name":"(anonymous_1)","decl":{"start":{"line":9,"column":4},"end":{"line":9,"column":8}},"loc":{"start":{"line":9,"column":30},"end":{"line":14,"column":5}}},"1":{"name":"(anonymous_2)","decl":{"start":{"line":16,"column":12},"end":{"line":16,"column":22}},"loc":{"start":{"line":16,"column":44},"end":{"line":20,"column":5}}},"2":{"name":"(anonymous_3)","decl":{"start":{"line":22,"column":12},"end":{"line":22,"column":24}},"loc":{"start":{"line":22,"column":46},"end":{"line":26,"column":5}}},"3":{"name":"(anonymous_4)","decl":{"start":{"line":28,"column":12},"end":{"line":28,"column":23}},"loc":{"start":{"line":28,"column":45},"end":{"line":32,"column":5}}}},"branchMap":{"0":{"loc":{"start":{"line":17,"column":8},"end":{"line":19,"column":9}},"type":"if","locations":[{"start":{"line":17,"column":8},"end":{"line":19,"column":9}},{"start":{"line":17,"column":8},"end":{"line":19,"column":9}}]},"1":{"loc":{"start":{"line":23,"column":8},"end":{"line":25,"column":9}},"type":"if","locations":[{"start":{"line":23,"column":8},"end":{"line":25,"column":9}},{"start":{"line":23,"column":8},"end":{"line":25,"column":9}}]},"2":{"loc":{"start":{"line":29,"column":8},"end":{"line":31,"column":9}},"type":"if","locations":[{"start":{"line":29,"column":8},"end":{"line":31,"column":9}},{"start":{"line":29,"column":8},"end":{"line":31,"column":9}}]},"3":{"loc":{"start":{"line":29,"column":12},"end":{"line":29,"column":28}},"type":"binary-expr","locations":[{"start":{"line":29,"column":12},"end":{"line":29,"column":28}},{"start":{"line":29,"column":32},"end":{"line":29,"column":52}}]}},"s":{"0":1,"1":1,"2":1,"3":1,"4":1,"5":4,"6":3,"7":1,"8":0,"9":1,"10":1,"11":4,"12":1,"13":3,"14":2,"15":1,"16":1},"f":{"0":4,"1":1,"2":4,"3":3},"b":{"0":[1,0],"1":[1,3],"2":[2,1],"3":[3,1]}}
,"/home/formati/lixo/nossas-contas/src/transacao/transacao.service.ts": {"path":"/home/formati/lixo/nossas-contas/src/transacao/transacao.service.ts","statementMap":{"0":{"start":{"line":2,"column":0},"end":{"line":2,"column":43}},"1":{"start":{"line":5,"column":0},"end":{"line":11,"column":1}},"2":{"start":{"line":8,"column":8},"end":{"line":8,"column":46}},"3":{"start":{"line":5,"column":13},"end":{"line":11,"column":1}},"4":{"start":{"line":5,"column":13},"end":{"line":5,"column":29}}},"fnMap":{"0":{"name":"(anonymous_7)","decl":{"start":{"line":7,"column":10},"end":{"line":7,"column":19}},"loc":{"start":{"line":7,"column":31},"end":{"line":9,"column":5}}}},"branchMap":{},"s":{"0":1,"1":1,"2":0,"3":1,"4":1},"f":{"0":0},"b":{}}
,"/home/formati/lixo/nossas-contas/src/usuario/usuario.service.ts": {"path":"/home/formati/lixo/nossas-contas/src/usuario/usuario.service.ts","statementMap":{"0":{"start":{"line":1,"column":0},"end":{"line":1,"column":43}},"1":{"start":{"line":4,"column":0},"end":{"line":9,"column":1}},"2":{"start":{"line":7,"column":4},"end":{"line":7,"column":14}},"3":{"start":{"line":4,"column":13},"end":{"line":9,"column":1}},"4":{"start":{"line":4,"column":13},"end":{"line":4,"column":27}}},"fnMap":{"0":{"name":"(anonymous_1)","decl":{"start":{"line":6,"column":2},"end":{"line":6,"column":17}},"loc":{"start":{"line":6,"column":18},"end":{"line":8,"column":3}}}},"branchMap":{},"s":{"0":3,"1":3,"2":7,"3":3,"4":3},"f":{"0":7},"b":{}}
,"/home/formati/lixo/nossas-contas/src/utils/date.utils.ts": {"path":"/home/formati/lixo/nossas-contas/src/utils/date.utils.ts","statementMap":{"0":{"start":{"line":1,"column":0},"end":{"line":1,"column":33}},"1":{"start":{"line":6,"column":8},"end":{"line":6,"column":50}},"2":{"start":{"line":10,"column":8},"end":{"line":10,"column":48}},"3":{"start":{"line":3,"column":0},"end":{"line":12,"column":1}}},"fnMap":{"0":{"name":"(anonymous_0)","decl":{"start":{"line":5,"column":4},"end":{"line":5,"column":9}},"loc":{"start":{"line":5,"column":41},"end":{"line":7,"column":5}}},"1":{"name":"(anonymous_1)","decl":{"start":{"line":9,"column":4},"end":{"line":9,"column":9}},"loc":{"start":{"line":9,"column":39},"end":{"line":11,"column":5}}}},"branchMap":{},"s":{"0":1,"1":1,"2":1,"3":1},"f":{"0":1,"1":1},"b":{}}
,"/home/formati/lixo/nossas-contas/src/utils/enum.utils.ts": {"path":"/home/formati/lixo/nossas-contas/src/utils/enum.utils.ts","statementMap":{"0":{"start":{"line":4,"column":31},"end":{"line":4,"column":82}},"1":{"start":{"line":4,"column":66},"end":{"line":4,"column":81}},"2":{"start":{"line":5,"column":8},"end":{"line":5,"column":39}},"3":{"start":{"line":1,"column":0},"end":{"line":8,"column":1}}},"fnMap":{"0":{"name":"(anonymous_0)","decl":{"start":{"line":3,"column":4},"end":{"line":3,"column":9}},"loc":{"start":{"line":3,"column":59},"end":{"line":6,"column":5}}},"1":{"name":"(anonymous_1)","decl":{"start":{"line":4,"column":59},"end":{"line":4,"column":61}},"loc":{"start":{"line":4,"column":66},"end":{"line":4,"column":81}}}},"branchMap":{},"s":{"0":13,"1":38,"2":13,"3":2},"f":{"0":13,"1":38},"b":{}}
}
