TN:
SF:/home/formati/lixo/nossas-contas/src/conta/conta.exception.ts
FNF:0
FNH:0
DA:1,1
DA:2,1
DA:3,1
DA:4,1
DA:5,1
DA:6,1
LF:6
LH:6
BRF:0
BRH:0
end_of_record
TN:
SF:/home/formati/lixo/nossas-contas/src/conta/conta.negocio.ts
FN:12,(anonymous_2)
FN:14,(anonymous_3)
FN:25,(anonymous_4)
FN:36,(anonymous_5)
FN:46,(anonymous_6)
FN:52,(anonymous_7)
FN:64,(anonymous_8)
FN:79,(anonymous_9)
FN:83,(anonymous_10)
FNF:9
FNH:9
FNDA:13,(anonymous_2)
FNDA:12,(anonymous_3)
FNDA:12,(anonymous_4)
FNDA:10,(anonymous_5)
FNDA:8,(anonymous_6)
FNDA:6,(anonymous_7)
FNDA:2,(anonymous_8)
FNDA:5,(anonymous_9)
FNDA:5,(anonymous_10)
DA:2,1
DA:4,1
DA:5,1
DA:6,1
DA:7,1
DA:10,1
DA:12,13
DA:15,12
DA:16,10
DA:17,8
DA:18,6
DA:19,5
DA:20,5
DA:22,4
DA:26,12
DA:27,1
DA:30,11
DA:31,11
DA:32,1
DA:37,10
DA:38,1
DA:41,9
DA:42,1
DA:47,8
DA:48,2
DA:53,6
DA:54,6
DA:55,6
DA:56,1
DA:59,5
DA:60,2
DA:65,2
DA:66,2
DA:67,2
DA:68,4
DA:69,4
DA:74,4
DA:75,4
DA:80,5
DA:84,5
DA:85,5
DA:86,1
DA:88,4
LF:43
LH:43
BRDA:26,0,0,1
BRDA:26,0,1,11
BRDA:31,1,0,1
BRDA:31,1,1,10
BRDA:37,2,0,1
BRDA:37,2,1,9
BRDA:41,3,0,1
BRDA:41,3,1,8
BRDA:47,4,0,2
BRDA:47,4,1,6
BRDA:47,5,0,8
BRDA:47,5,1,7
BRDA:53,6,0,6
BRDA:53,6,1,3
BRDA:55,7,0,1
BRDA:55,7,1,5
BRDA:55,8,0,6
BRDA:55,8,1,3
BRDA:59,9,0,2
BRDA:59,9,1,3
BRDA:85,10,0,1
BRDA:85,10,1,4
BRF:22
BRH:22
end_of_record
TN:
SF:/home/formati/lixo/nossas-contas/src/conta/tipo-conta.enum.ts
FN:1,(anonymous_0)
FNF:1
FNH:1
FNDA:1,(anonymous_0)
DA:1,1
DA:2,1
DA:3,1
DA:4,1
LF:4
LH:4
BRDA:1,0,0,1
BRDA:1,0,1,1
BRF:2
BRH:2
end_of_record
TN:
SF:/home/formati/lixo/nossas-contas/src/transacao/tipo-transacao.enum.ts
FN:1,(anonymous_0)
FNF:1
FNH:1
FNDA:1,(anonymous_0)
DA:1,1
DA:2,1
DA:3,1
LF:3
LH:3
BRDA:1,0,0,1
BRDA:1,0,1,1
BRF:2
BRH:2
end_of_record
TN:
SF:/home/formati/lixo/nossas-contas/src/transacao/transacao.exception.ts
FNF:0
FNH:0
DA:1,1
DA:2,1
DA:3,1
DA:4,1
LF:4
LH:4
BRF:0
BRH:0
end_of_record
TN:
SF:/home/formati/lixo/nossas-contas/src/transacao/transacao.negocio.ts
FN:7,(anonymous_0)
FN:14,(anonymous_1)
FN:20,(anonymous_2)
FN:26,(anonymous_3)
FNF:4
FNH:4
FNDA:4,(anonymous_0)
FNDA:1,(anonymous_1)
FNDA:4,(anonymous_2)
FNDA:3,(anonymous_3)
DA:1,1
DA:2,1
DA:4,1
DA:5,1
DA:8,4
DA:9,3
DA:10,1
DA:11,0
DA:15,1
DA:16,1
DA:21,4
DA:22,1
DA:27,3
DA:28,2
LF:14
LH:13
BRDA:15,0,0,1
BRDA:15,0,1,0
BRDA:21,1,0,1
BRDA:21,1,1,3
BRDA:27,2,0,2
BRDA:27,2,1,1
BRDA:27,3,0,3
BRDA:27,3,1,1
BRF:8
BRH:7
end_of_record
TN:
SF:/home/formati/lixo/nossas-contas/src/usuario/usuario.service.ts
FN:6,(anonymous_1)
FNF:1
FNH:1
FNDA:4,(anonymous_1)
DA:1,3
DA:4,3
DA:7,4
LF:3
LH:3
BRF:0
BRH:0
end_of_record
TN:
SF:/home/formati/lixo/nossas-contas/src/utils/enum.utils.ts
FN:3,(anonymous_0)
FN:4,(anonymous_1)
FNF:2
FNH:2
FNDA:10,(anonymous_0)
FNDA:29,(anonymous_1)
DA:1,2
DA:4,29
DA:5,10
LF:3
LH:3
BRF:0
BRH:0
end_of_record
