TN:
SF:/home/formati/lixo/nossas-contas/src/conta/conta.exception.ts
FNF:0
FNH:0
DA:1,1
DA:2,1
DA:3,1
DA:4,1
DA:5,1
DA:6,1
LF:6
LH:6
BRF:0
BRH:0
end_of_record
TN:
SF:/home/formati/lixo/nossas-contas/src/conta/conta.negocio.ts
FN:14,(anonymous_2)
FN:16,(anonymous_3)
FN:27,(anonymous_4)
FN:38,(anonymous_5)
FN:60,(anonymous_6)
FN:66,(anonymous_7)
FN:78,(anonymous_8)
FN:95,(anonymous_9)
FN:99,(anonymous_10)
FNF:9
FNH:9
FNDA:16,(anonymous_2)
FNDA:15,(anonymous_3)
FNDA:15,(anonymous_4)
FNDA:13,(anonymous_5)
FNDA:11,(anonymous_6)
FNDA:9,(anonymous_7)
FNDA:4,(anonymous_8)
FNDA:8,(anonymous_9)
FNDA:8,(anonymous_10)
DA:3,1
DA:5,1
DA:6,1
DA:7,1
DA:8,1
DA:9,1
DA:12,1
DA:14,16
DA:17,15
DA:18,13
DA:19,11
DA:20,9
DA:21,8
DA:22,8
DA:24,7
DA:28,15
DA:29,1
DA:32,14
DA:33,14
DA:34,1
DA:39,13
DA:40,1
DA:43,12
DA:44,1
DA:47,11
DA:48,1
DA:55,1
DA:56,1
DA:61,11
DA:62,2
DA:67,9
DA:68,9
DA:69,9
DA:70,1
DA:73,8
DA:74,4
DA:79,4
DA:80,4
DA:81,4
DA:82,10
DA:83,10
DA:89,10
DA:90,10
DA:91,10
DA:96,8
DA:100,8
DA:101,8
DA:102,1
DA:104,7
LF:49
LH:49
BRDA:28,0,0,1
BRDA:28,0,1,14
BRDA:33,1,0,1
BRDA:33,1,1,13
BRDA:39,2,0,1
BRDA:39,2,1,12
BRDA:43,3,0,1
BRDA:43,3,1,11
BRDA:47,4,0,1
BRDA:47,4,1,10
BRDA:61,5,0,2
BRDA:61,5,1,9
BRDA:61,6,0,11
BRDA:61,6,1,10
BRDA:67,7,0,9
BRDA:67,7,1,5
BRDA:69,8,0,1
BRDA:69,8,1,8
BRDA:69,9,0,9
BRDA:69,9,1,5
BRDA:73,10,0,4
BRDA:73,10,1,4
BRDA:101,11,0,1
BRDA:101,11,1,7
BRF:24
BRH:24
end_of_record
TN:
SF:/home/formati/lixo/nossas-contas/src/conta/status-parcela.enum.ts
FN:1,(anonymous_0)
FNF:1
FNH:1
FNDA:1,(anonymous_0)
DA:1,1
DA:2,1
DA:3,1
LF:3
LH:3
BRDA:1,0,0,1
BRDA:1,0,1,1
BRF:2
BRH:2
end_of_record
TN:
SF:/home/formati/lixo/nossas-contas/src/conta/tipo-conta.enum.ts
FN:1,(anonymous_0)
FNF:1
FNH:1
FNDA:1,(anonymous_0)
DA:1,1
DA:2,1
DA:3,1
DA:4,1
LF:4
LH:4
BRDA:1,0,0,1
BRDA:1,0,1,1
BRF:2
BRH:2
end_of_record
TN:
SF:/home/formati/lixo/nossas-contas/src/saldo/saldo.negocio.ts
FN:9,(anonymous_8)
FN:11,(anonymous_9)
FN:19,(anonymous_11)
FN:22,(anonymous_13)
FNF:4
FNH:4
FNDA:1,(anonymous_8)
FNDA:1,(anonymous_9)
FNDA:1,(anonymous_11)
FNDA:4,(anonymous_13)
DA:1,1
DA:3,1
DA:4,1
DA:7,1
DA:9,1
DA:12,1
DA:13,1
DA:14,1
DA:16,1
DA:20,1
DA:21,1
DA:22,1
DA:23,4
DA:24,2
DA:25,2
DA:26,2
DA:30,1
LF:17
LH:17
BRDA:23,0,0,2
BRDA:23,0,1,2
BRDA:25,1,0,2
BRDA:25,1,1,0
BRF:4
BRH:3
end_of_record
TN:
SF:/home/formati/lixo/nossas-contas/src/transacao/tipo-transacao.enum.ts
FN:1,(anonymous_0)
FNF:1
FNH:1
FNDA:2,(anonymous_0)
DA:1,2
DA:2,2
DA:3,2
LF:3
LH:3
BRDA:1,0,0,2
BRDA:1,0,1,2
BRF:2
BRH:2
end_of_record
TN:
SF:/home/formati/lixo/nossas-contas/src/transacao/transacao.exception.ts
FNF:0
FNH:0
DA:1,1
DA:2,1
DA:3,1
DA:4,1
LF:4
LH:4
BRF:0
BRH:0
end_of_record
TN:
SF:/home/formati/lixo/nossas-contas/src/transacao/transacao.negocio.ts
FN:9,(anonymous_1)
FN:16,(anonymous_2)
FN:22,(anonymous_3)
FN:28,(anonymous_4)
FNF:4
FNH:4
FNDA:4,(anonymous_1)
FNDA:1,(anonymous_2)
FNDA:4,(anonymous_3)
FNDA:3,(anonymous_4)
DA:1,1
DA:2,1
DA:4,1
DA:5,1
DA:7,1
DA:10,4
DA:11,3
DA:12,1
DA:13,0
DA:17,1
DA:18,1
DA:23,4
DA:24,1
DA:29,3
DA:30,2
LF:15
LH:14
BRDA:17,0,0,1
BRDA:17,0,1,0
BRDA:23,1,0,1
BRDA:23,1,1,3
BRDA:29,2,0,2
BRDA:29,2,1,1
BRDA:29,3,0,3
BRDA:29,3,1,1
BRF:8
BRH:7
end_of_record
TN:
SF:/home/formati/lixo/nossas-contas/src/transacao/transacao.service.ts
FN:7,(anonymous_7)
FNF:1
FNH:0
FNDA:0,(anonymous_7)
DA:2,1
DA:5,1
DA:8,0
LF:3
LH:2
BRF:0
BRH:0
end_of_record
TN:
SF:/home/formati/lixo/nossas-contas/src/usuario/usuario.service.ts
FN:6,(anonymous_1)
FNF:1
FNH:1
FNDA:7,(anonymous_1)
DA:1,3
DA:4,3
DA:7,7
LF:3
LH:3
BRF:0
BRH:0
end_of_record
TN:
SF:/home/formati/lixo/nossas-contas/src/utils/date.utils.ts
FN:5,(anonymous_0)
FN:9,(anonymous_1)
FNF:2
FNH:2
FNDA:1,(anonymous_0)
FNDA:1,(anonymous_1)
DA:1,1
DA:3,1
DA:6,1
DA:10,1
LF:4
LH:4
BRF:0
BRH:0
end_of_record
TN:
SF:/home/formati/lixo/nossas-contas/src/utils/enum.utils.ts
FN:3,(anonymous_0)
FN:4,(anonymous_1)
FNF:2
FNH:2
FNDA:13,(anonymous_0)
FNDA:38,(anonymous_1)
DA:1,2
DA:4,38
DA:5,13
LF:3
LH:3
BRF:0
BRH:0
end_of_record
